[debug] [2025-11-26T17:22:44.821Z] ----------------------------------------------------------------------
[debug] [2025-11-26T17:22:44.825Z] Command:       C:\Program Files\nodejs\node.exe C:\Users\hp\AppData\Roaming\npm\node_modules\firebase-tools\lib\bin\firebase.js init
[debug] [2025-11-26T17:22:44.826Z] CLI Version:   14.20.0
[debug] [2025-11-26T17:22:44.826Z] Platform:      win32
[debug] [2025-11-26T17:22:44.826Z] Node Version:  v22.14.0
[debug] [2025-11-26T17:22:44.827Z] Time:          Wed Nov 26 2025 23:22:44 GMT+0600 (Bangladesh Standard Time)
[debug] [2025-11-26T17:22:44.827Z] ----------------------------------------------------------------------
[debug] 
[debug] [2025-11-26T17:22:44.830Z] >>> [apiv2][query] GET https://firebase-public.firebaseio.com/cli.json [none]
[info] 
     ######## #### ########  ######## ########     ###     ######  ########
     ##        ##  ##     ## ##       ##     ##  ##   ##  ##       ##
     ######    ##  ########  ######   ########  #########  ######  ######
     ##        ##  ##    ##  ##       ##     ## ##     ##       ## ##
     ##       #### ##     ## ######## ########  ##     ##  ######  ########

You're about to initialize a Firebase project in this directory:

  C:\Programming Hero\BookHub

Before we get started, keep in mind:

  * You are currently outside your home directory

[debug] [2025-11-26T17:22:45.602Z] <<< [apiv2][status] GET https://firebase-public.firebaseio.com/cli.json 200
[debug] [2025-11-26T17:22:45.603Z] <<< [apiv2][body] GET https://firebase-public.firebaseio.com/cli.json {"cloudBuildErrorAfter":1594252800000,"cloudBuildWarnAfter":1590019200000,"defaultNode10After":1594252800000,"minVersion":"3.0.5","node8DeploysDisabledAfter":1613390400000,"node8RuntimeDisabledAfter":1615809600000,"node8WarnAfter":1600128000000}
[info] 
=== Project Setup
[info] 
[info] First, let's associate this project directory with a Firebase project.
[info] You can create multiple project aliases by running firebase use --add, 
[info] 
[info] i  If you want to create a project in a Google Cloud organization or folder, please use "firebase projects:create" instead, and return to this command when you've created the project. 
[debug] [2025-11-26T17:23:40.261Z] > command requires scopes: ["email","openid","https://www.googleapis.com/auth/cloudplatformprojects.readonly","https://www.googleapis.com/auth/firebase","https://www.googleapis.com/auth/cloud-platform"]
[debug] [2025-11-26T17:23:40.261Z] > authorizing via signed-in user (redonereshat0@gmail.com)
[debug] [2025-11-26T17:23:51.401Z] ExitPromptError: User force closed the prompt with SIGINT
    at Interface.sigint (C:\Users\hp\AppData\Roaming\npm\node_modules\firebase-tools\node_modules\@inquirer\core\dist\commonjs\lib\create-prompt.js:101:37)
    at Interface.emit (node:events:518:28)
    at Interface.emit (node:domain:489:12)
    at [_ttyWrite] [as _ttyWrite] (node:internal/readline/interface:1124:18)
    at ReadStream.onkeypress (node:internal/readline/interface:263:20)
    at ReadStream.emit (node:events:530:35)
    at ReadStream.emit (node:domain:489:12)
    at emitKeys (node:internal/readline/utils:370:14)
    at emitKeys.next (<anonymous>)
    at ReadStream.onData (node:internal/readline/emitKeypressEvents:64:36)
[error] 
[error] Error: An unexpected error has occurred.
[debug] [2025-11-26T17:24:00.347Z] ----------------------------------------------------------------------
[debug] [2025-11-26T17:24:00.351Z] Command:       C:\Program Files\nodejs\node.exe C:\Users\hp\AppData\Roaming\npm\node_modules\firebase-tools\lib\bin\firebase.js init
[debug] [2025-11-26T17:24:00.352Z] CLI Version:   14.20.0
[debug] [2025-11-26T17:24:00.352Z] Platform:      win32
[debug] [2025-11-26T17:24:00.352Z] Node Version:  v22.14.0
[debug] [2025-11-26T17:24:00.352Z] Time:          Wed Nov 26 2025 23:24:00 GMT+0600 (Bangladesh Standard Time)
[debug] [2025-11-26T17:24:00.353Z] ----------------------------------------------------------------------
[debug] 
[info] 
     ######## #### ########  ######## ########     ###     ######  ########
     ##        ##  ##     ## ##       ##     ##  ##   ##  ##       ##
     ######    ##  ########  ######   ########  #########  ######  ######
     ##        ##  ##    ##  ##       ##     ## ##     ##       ## ##
     ##       #### ##     ## ######## ########  ##     ##  ######  ########

You're about to initialize a Firebase project in this directory:

  C:\Programming Hero\BookHub

Before we get started, keep in mind:

  * You are currently outside your home directory

[info] 
=== Project Setup
[info] 
[info] First, let's associate this project directory with a Firebase project.
[info] You can create multiple project aliases by running firebase use --add, 
[info] 
[debug] [2025-11-26T17:24:09.967Z] > command requires scopes: ["email","openid","https://www.googleapis.com/auth/cloudplatformprojects.readonly","https://www.googleapis.com/auth/firebase","https://www.googleapis.com/auth/cloud-platform"]
[debug] [2025-11-26T17:24:09.968Z] > authorizing via signed-in user (redonereshat0@gmail.com)
[debug] [2025-11-26T17:24:09.969Z] Checked if tokens are valid: false, expires at: 1762947959167
[debug] [2025-11-26T17:24:09.970Z] Checked if tokens are valid: false, expires at: 1762947959167
[debug] [2025-11-26T17:24:09.970Z] > refreshing access token with scopes: []
[debug] [2025-11-26T17:24:09.972Z] >>> [apiv2][query] POST https://www.googleapis.com/oauth2/v3/token [none]
[debug] [2025-11-26T17:24:09.972Z] >>> [apiv2][body] POST https://www.googleapis.com/oauth2/v3/token [omitted]
[debug] [2025-11-26T17:24:10.227Z] <<< [apiv2][status] POST https://www.googleapis.com/oauth2/v3/token 200
[debug] [2025-11-26T17:24:10.227Z] <<< [apiv2][body] POST https://www.googleapis.com/oauth2/v3/token [omitted]
[debug] [2025-11-26T17:24:10.247Z] >>> [apiv2][query] GET https://firebase.googleapis.com/v1beta1/projects pageSize=100
[debug] [2025-11-26T17:24:11.143Z] <<< [apiv2][status] GET https://firebase.googleapis.com/v1beta1/projects 200
[debug] [2025-11-26T17:24:11.143Z] <<< [apiv2][body] GET https://firebase.googleapis.com/v1beta1/projects [omitted]
[debug] [2025-11-26T17:36:45.428Z] ExitPromptError: User force closed the prompt with SIGINT
    at Interface.sigint (C:\Users\hp\AppData\Roaming\npm\node_modules\firebase-tools\node_modules\@inquirer\core\dist\commonjs\lib\create-prompt.js:101:37)
    at Interface.emit (node:events:518:28)
    at Interface.emit (node:domain:489:12)
    at [_ttyWrite] [as _ttyWrite] (node:internal/readline/interface:1124:18)
    at ReadStream.onkeypress (node:internal/readline/interface:263:20)
    at ReadStream.emit (node:events:530:35)
    at ReadStream.emit (node:domain:489:12)
    at emitKeys (node:internal/readline/utils:370:14)
    at emitKeys.next (<anonymous>)
    at ReadStream.onData (node:internal/readline/emitKeypressEvents:64:36)
[error] 
[error] Error: An unexpected error has occurred.
